{
  "stats": {
    "suites": 11,
    "tests": 11,
    "passes": 0,
    "pending": 0,
    "failures": 11,
    "start": "2023-05-27T14:40:46.995Z",
    "end": "2023-05-27T14:42:48.189Z",
    "duration": 121194,
    "testsRegistered": 11,
    "passPercent": 0,
    "pendingPercent": 0,
    "other": 0,
    "hasOther": false,
    "skipped": 0,
    "hasSkipped": false
  },
  "results": [
    {
      "uuid": "dc2c86ad-0887-4538-966b-2b9566ad80b9",
      "title": "",
      "fullFile": "cypress\\e2e\\funcionalidad2\\esc_aleatorios.spec.cy.js",
      "file": "cypress\\e2e\\funcionalidad2\\esc_aleatorios.spec.cy.js",
      "beforeHooks": [],
      "afterHooks": [],
      "tests": [],
      "suites": [
        {
          "uuid": "1720473f-bd26-462b-95fe-efcc53042e56",
          "title": "F2-A-E1",
          "fullFile": "",
          "file": "",
          "beforeHooks": [],
          "afterHooks": [],
          "tests": [
            {
              "title": "Crear Tag",
              "fullTitle": "F2-A-E1 Crear Tag",
              "timedOut": null,
              "duration": 11811,
              "state": "failed",
              "speed": null,
              "pass": false,
              "fail": true,
              "pending": false,
              "context": null,
              "code": "cy.crearTag(name, slug, description, color);",
              "err": {
                "message": "AssertionError: Timed out retrying after 4000ms: expected 'http://localhost:3001/ghost/#/signin' to equal 'http://localhost:3001/ghost/#/site'",
                "estack": "AssertionError: Timed out retrying after 4000ms: expected 'http://localhost:3001/ghost/#/signin' to equal 'http://localhost:3001/ghost/#/site'\n    at Context.eval (webpack:///./cypress/support/commands.js:70:13)",
                "diff": "- 'http://localhost:3001/ghost/#/signin'\n+ 'http://localhost:3001/ghost/#/site'\n"
              },
              "uuid": "ae83471a-d775-42ac-adbb-216282a46880",
              "parentUUID": "1720473f-bd26-462b-95fe-efcc53042e56",
              "isHook": false,
              "skipped": false
            }
          ],
          "suites": [],
          "passes": [],
          "failures": [
            "ae83471a-d775-42ac-adbb-216282a46880"
          ],
          "pending": [],
          "skipped": [],
          "duration": 11811,
          "root": false,
          "rootEmpty": false,
          "_timeout": 2000
        },
        {
          "uuid": "eba489e7-4b59-4f73-a21a-51e5b7545f0c",
          "title": "F2-A-E2",
          "fullFile": "",
          "file": "",
          "beforeHooks": [],
          "afterHooks": [],
          "tests": [
            {
              "title": "Crear Tag",
              "fullTitle": "F2-A-E2 Crear Tag",
              "timedOut": null,
              "duration": 11330,
              "state": "failed",
              "speed": null,
              "pass": false,
              "fail": true,
              "pending": false,
              "context": null,
              "code": "cy.crearTag(name, slug, description, color);",
              "err": {
                "message": "AssertionError: Timed out retrying after 4000ms: expected 'http://localhost:3001/ghost/#/signin' to equal 'http://localhost:3001/ghost/#/site'",
                "estack": "AssertionError: Timed out retrying after 4000ms: expected 'http://localhost:3001/ghost/#/signin' to equal 'http://localhost:3001/ghost/#/site'\n    at Context.eval (webpack:///./cypress/support/commands.js:70:13)",
                "diff": "- 'http://localhost:3001/ghost/#/signin'\n+ 'http://localhost:3001/ghost/#/site'\n"
              },
              "uuid": "d7fbd372-36a1-4227-ab22-78ce37ef423b",
              "parentUUID": "eba489e7-4b59-4f73-a21a-51e5b7545f0c",
              "isHook": false,
              "skipped": false
            }
          ],
          "suites": [],
          "passes": [],
          "failures": [
            "d7fbd372-36a1-4227-ab22-78ce37ef423b"
          ],
          "pending": [],
          "skipped": [],
          "duration": 11330,
          "root": false,
          "rootEmpty": false,
          "_timeout": 2000
        },
        {
          "uuid": "5fe018aa-cf5f-4e19-a452-2c13e8272195",
          "title": "F2-A-E3",
          "fullFile": "",
          "file": "",
          "beforeHooks": [],
          "afterHooks": [],
          "tests": [
            {
              "title": "Crear Tag",
              "fullTitle": "F2-A-E3 Crear Tag",
              "timedOut": null,
              "duration": 11445,
              "state": "failed",
              "speed": null,
              "pass": false,
              "fail": true,
              "pending": false,
              "context": null,
              "code": "cy.crearTag(name, slug, description, color);",
              "err": {
                "message": "AssertionError: Timed out retrying after 4000ms: expected 'http://localhost:3001/ghost/#/signin' to equal 'http://localhost:3001/ghost/#/site'",
                "estack": "AssertionError: Timed out retrying after 4000ms: expected 'http://localhost:3001/ghost/#/signin' to equal 'http://localhost:3001/ghost/#/site'\n    at Context.eval (webpack:///./cypress/support/commands.js:70:13)",
                "diff": "- 'http://localhost:3001/ghost/#/signin'\n+ 'http://localhost:3001/ghost/#/site'\n"
              },
              "uuid": "36fea61c-4432-41c4-9ab0-8283b9a9c5b3",
              "parentUUID": "5fe018aa-cf5f-4e19-a452-2c13e8272195",
              "isHook": false,
              "skipped": false
            }
          ],
          "suites": [],
          "passes": [],
          "failures": [
            "36fea61c-4432-41c4-9ab0-8283b9a9c5b3"
          ],
          "pending": [],
          "skipped": [],
          "duration": 11445,
          "root": false,
          "rootEmpty": false,
          "_timeout": 2000
        },
        {
          "uuid": "2661f2e6-8efb-49ce-ba91-a515d85f8641",
          "title": "F2-A-E4",
          "fullFile": "",
          "file": "",
          "beforeHooks": [],
          "afterHooks": [],
          "tests": [
            {
              "title": "Crear Tag",
              "fullTitle": "F2-A-E4 Crear Tag",
              "timedOut": null,
              "duration": 303,
              "state": "failed",
              "speed": null,
              "pass": false,
              "fail": true,
              "pending": false,
              "context": null,
              "code": "cy.crearTag(name, slug, description, color);",
              "err": {
                "message": "TypeError: Cannot read properties of undefined (reading 'replace')",
                "estack": "TypeError: Cannot read properties of undefined (reading 'replace')\n    at Context.eval (webpack:///./cypress/support/commands.js:169:30)",
                "diff": null
              },
              "uuid": "1a15eb2a-7707-4701-9abd-58eb89630705",
              "parentUUID": "2661f2e6-8efb-49ce-ba91-a515d85f8641",
              "isHook": false,
              "skipped": false
            }
          ],
          "suites": [],
          "passes": [],
          "failures": [
            "1a15eb2a-7707-4701-9abd-58eb89630705"
          ],
          "pending": [],
          "skipped": [],
          "duration": 303,
          "root": false,
          "rootEmpty": false,
          "_timeout": 2000
        },
        {
          "uuid": "0ad26306-3eb7-417d-bbfb-e2c30e565e49",
          "title": "F2-A-E5",
          "fullFile": "",
          "file": "",
          "beforeHooks": [],
          "afterHooks": [],
          "tests": [
            {
              "title": "Crear Tag",
              "fullTitle": "F2-A-E5 Crear Tag",
              "timedOut": null,
              "duration": 11692,
              "state": "failed",
              "speed": null,
              "pass": false,
              "fail": true,
              "pending": false,
              "context": null,
              "code": "cy.crearTag(name, slug, description, color);",
              "err": {
                "message": "AssertionError: Timed out retrying after 4000ms: expected 'http://localhost:3001/ghost/#/signin' to equal 'http://localhost:3001/ghost/#/site'",
                "estack": "AssertionError: Timed out retrying after 4000ms: expected 'http://localhost:3001/ghost/#/signin' to equal 'http://localhost:3001/ghost/#/site'\n    at Context.eval (webpack:///./cypress/support/commands.js:70:13)",
                "diff": "- 'http://localhost:3001/ghost/#/signin'\n+ 'http://localhost:3001/ghost/#/site'\n"
              },
              "uuid": "8168fd60-bed4-4601-b163-4d9195952471",
              "parentUUID": "0ad26306-3eb7-417d-bbfb-e2c30e565e49",
              "isHook": false,
              "skipped": false
            }
          ],
          "suites": [],
          "passes": [],
          "failures": [
            "8168fd60-bed4-4601-b163-4d9195952471"
          ],
          "pending": [],
          "skipped": [],
          "duration": 11692,
          "root": false,
          "rootEmpty": false,
          "_timeout": 2000
        },
        {
          "uuid": "7f8fb80c-0173-47d2-9ac6-e531a43c96d9",
          "title": "F2-A-E6",
          "fullFile": "",
          "file": "",
          "beforeHooks": [],
          "afterHooks": [],
          "tests": [
            {
              "title": "Crear Tag",
              "fullTitle": "F2-A-E6 Crear Tag",
              "timedOut": null,
              "duration": 11507,
              "state": "failed",
              "speed": null,
              "pass": false,
              "fail": true,
              "pending": false,
              "context": null,
              "code": "cy.crearTag(name, slug, description, color);",
              "err": {
                "message": "AssertionError: Timed out retrying after 4000ms: expected 'http://localhost:3001/ghost/#/signin' to equal 'http://localhost:3001/ghost/#/site'",
                "estack": "AssertionError: Timed out retrying after 4000ms: expected 'http://localhost:3001/ghost/#/signin' to equal 'http://localhost:3001/ghost/#/site'\n    at Context.eval (webpack:///./cypress/support/commands.js:70:13)",
                "diff": "- 'http://localhost:3001/ghost/#/signin'\n+ 'http://localhost:3001/ghost/#/site'\n"
              },
              "uuid": "98445c96-0276-441f-9cd5-7fc3ed360480",
              "parentUUID": "7f8fb80c-0173-47d2-9ac6-e531a43c96d9",
              "isHook": false,
              "skipped": false
            }
          ],
          "suites": [],
          "passes": [],
          "failures": [
            "98445c96-0276-441f-9cd5-7fc3ed360480"
          ],
          "pending": [],
          "skipped": [],
          "duration": 11507,
          "root": false,
          "rootEmpty": false,
          "_timeout": 2000
        },
        {
          "uuid": "2f981688-cca2-4777-acdb-3560edc0e065",
          "title": "F2-A-E7",
          "fullFile": "",
          "file": "",
          "beforeHooks": [],
          "afterHooks": [],
          "tests": [
            {
              "title": "Crear Tag",
              "fullTitle": "F2-A-E7 Crear Tag",
              "timedOut": null,
              "duration": 11798,
              "state": "failed",
              "speed": null,
              "pass": false,
              "fail": true,
              "pending": false,
              "context": null,
              "code": "cy.crearTag(name, slug, description, color);",
              "err": {
                "message": "AssertionError: Timed out retrying after 4000ms: expected 'http://localhost:3001/ghost/#/signin' to equal 'http://localhost:3001/ghost/#/site'",
                "estack": "AssertionError: Timed out retrying after 4000ms: expected 'http://localhost:3001/ghost/#/signin' to equal 'http://localhost:3001/ghost/#/site'\n    at Context.eval (webpack:///./cypress/support/commands.js:70:13)",
                "diff": "- 'http://localhost:3001/ghost/#/signin'\n+ 'http://localhost:3001/ghost/#/site'\n"
              },
              "uuid": "55b765c2-1a6d-4652-b508-c6b9441257f7",
              "parentUUID": "2f981688-cca2-4777-acdb-3560edc0e065",
              "isHook": false,
              "skipped": false
            }
          ],
          "suites": [],
          "passes": [],
          "failures": [
            "55b765c2-1a6d-4652-b508-c6b9441257f7"
          ],
          "pending": [],
          "skipped": [],
          "duration": 11798,
          "root": false,
          "rootEmpty": false,
          "_timeout": 2000
        },
        {
          "uuid": "8951775d-27f2-41d9-bc2c-9aa53a4ec5ac",
          "title": "F2-A-E8",
          "fullFile": "",
          "file": "",
          "beforeHooks": [],
          "afterHooks": [],
          "tests": [
            {
              "title": "Crear Tag",
              "fullTitle": "F2-A-E8 Crear Tag",
              "timedOut": null,
              "duration": 11586,
              "state": "failed",
              "speed": null,
              "pass": false,
              "fail": true,
              "pending": false,
              "context": null,
              "code": "cy.crearTag(name, slug, description, color);",
              "err": {
                "message": "AssertionError: Timed out retrying after 4000ms: expected 'http://localhost:3001/ghost/#/signin' to equal 'http://localhost:3001/ghost/#/site'",
                "estack": "AssertionError: Timed out retrying after 4000ms: expected 'http://localhost:3001/ghost/#/signin' to equal 'http://localhost:3001/ghost/#/site'\n    at Context.eval (webpack:///./cypress/support/commands.js:70:13)",
                "diff": "- 'http://localhost:3001/ghost/#/signin'\n+ 'http://localhost:3001/ghost/#/site'\n"
              },
              "uuid": "c6da9ad7-a8f1-425d-82dd-26f5ce368c4b",
              "parentUUID": "8951775d-27f2-41d9-bc2c-9aa53a4ec5ac",
              "isHook": false,
              "skipped": false
            }
          ],
          "suites": [],
          "passes": [],
          "failures": [
            "c6da9ad7-a8f1-425d-82dd-26f5ce368c4b"
          ],
          "pending": [],
          "skipped": [],
          "duration": 11586,
          "root": false,
          "rootEmpty": false,
          "_timeout": 2000
        },
        {
          "uuid": "5814d997-9aa5-47d1-a780-4d635a7724bf",
          "title": "F2-A-E9",
          "fullFile": "",
          "file": "",
          "beforeHooks": [],
          "afterHooks": [],
          "tests": [
            {
              "title": "Crear Tag",
              "fullTitle": "F2-A-E9 Crear Tag",
              "timedOut": null,
              "duration": 11939,
              "state": "failed",
              "speed": null,
              "pass": false,
              "fail": true,
              "pending": false,
              "context": null,
              "code": "cy.crearTag(name, slug, description, color);",
              "err": {
                "message": "AssertionError: Timed out retrying after 4000ms: expected 'http://localhost:3001/ghost/#/signin' to equal 'http://localhost:3001/ghost/#/site'",
                "estack": "AssertionError: Timed out retrying after 4000ms: expected 'http://localhost:3001/ghost/#/signin' to equal 'http://localhost:3001/ghost/#/site'\n    at Context.eval (webpack:///./cypress/support/commands.js:70:13)",
                "diff": "- 'http://localhost:3001/ghost/#/signin'\n+ 'http://localhost:3001/ghost/#/site'\n"
              },
              "uuid": "9f4dfb34-12b4-448a-a6d9-11c0d33eeb58",
              "parentUUID": "5814d997-9aa5-47d1-a780-4d635a7724bf",
              "isHook": false,
              "skipped": false
            }
          ],
          "suites": [],
          "passes": [],
          "failures": [
            "9f4dfb34-12b4-448a-a6d9-11c0d33eeb58"
          ],
          "pending": [],
          "skipped": [],
          "duration": 11939,
          "root": false,
          "rootEmpty": false,
          "_timeout": 2000
        },
        {
          "uuid": "f3f0c51b-9dcb-4c38-8fef-4a379fd769dd",
          "title": "F2-A-E10",
          "fullFile": "",
          "file": "",
          "beforeHooks": [],
          "afterHooks": [],
          "tests": [
            {
              "title": "Crear Tag",
              "fullTitle": "F2-A-E10 Crear Tag",
              "timedOut": null,
              "duration": 12039,
              "state": "failed",
              "speed": null,
              "pass": false,
              "fail": true,
              "pending": false,
              "context": null,
              "code": "cy.crearTag(name, slug, description, color);",
              "err": {
                "message": "AssertionError: Timed out retrying after 4000ms: expected 'http://localhost:3001/ghost/#/signin' to equal 'http://localhost:3001/ghost/#/site'",
                "estack": "AssertionError: Timed out retrying after 4000ms: expected 'http://localhost:3001/ghost/#/signin' to equal 'http://localhost:3001/ghost/#/site'\n    at Context.eval (webpack:///./cypress/support/commands.js:70:13)",
                "diff": "- 'http://localhost:3001/ghost/#/signin'\n+ 'http://localhost:3001/ghost/#/site'\n"
              },
              "uuid": "1cf90622-d9af-4ecf-bd60-89e5f865eb93",
              "parentUUID": "f3f0c51b-9dcb-4c38-8fef-4a379fd769dd",
              "isHook": false,
              "skipped": false
            }
          ],
          "suites": [],
          "passes": [],
          "failures": [
            "1cf90622-d9af-4ecf-bd60-89e5f865eb93"
          ],
          "pending": [],
          "skipped": [],
          "duration": 12039,
          "root": false,
          "rootEmpty": false,
          "_timeout": 2000
        },
        {
          "uuid": "79b7bedf-51d1-4cd5-84ff-e9fa67d573d8",
          "title": "F2-A-E11",
          "fullFile": "",
          "file": "",
          "beforeHooks": [],
          "afterHooks": [],
          "tests": [
            {
              "title": "Crear Tag",
              "fullTitle": "F2-A-E11 Crear Tag",
              "timedOut": null,
              "duration": 12072,
              "state": "failed",
              "speed": null,
              "pass": false,
              "fail": true,
              "pending": false,
              "context": null,
              "code": "cy.crearTag(name, slug, description, color);",
              "err": {
                "message": "AssertionError: Timed out retrying after 4000ms: expected 'http://localhost:3001/ghost/#/signin' to equal 'http://localhost:3001/ghost/#/site'",
                "estack": "AssertionError: Timed out retrying after 4000ms: expected 'http://localhost:3001/ghost/#/signin' to equal 'http://localhost:3001/ghost/#/site'\n    at Context.eval (webpack:///./cypress/support/commands.js:70:13)",
                "diff": "- 'http://localhost:3001/ghost/#/signin'\n+ 'http://localhost:3001/ghost/#/site'\n"
              },
              "uuid": "904e27a9-c2cf-48e3-befb-712ab9a52c73",
              "parentUUID": "79b7bedf-51d1-4cd5-84ff-e9fa67d573d8",
              "isHook": false,
              "skipped": false
            }
          ],
          "suites": [],
          "passes": [],
          "failures": [
            "904e27a9-c2cf-48e3-befb-712ab9a52c73"
          ],
          "pending": [],
          "skipped": [],
          "duration": 12072,
          "root": false,
          "rootEmpty": false,
          "_timeout": 2000
        }
      ],
      "passes": [],
      "failures": [],
      "pending": [],
      "skipped": [],
      "duration": 0,
      "root": true,
      "rootEmpty": true,
      "_timeout": 2000
    }
  ],
  "meta": {
    "mocha": {
      "version": "7.0.1"
    },
    "mochawesome": {
      "options": {
        "quiet": false,
        "reportFilename": "mochawesome",
        "saveHtml": true,
        "saveJson": true,
        "consoleReporter": "spec",
        "useInlineDiffs": false,
        "code": true
      },
      "version": "7.1.3"
    },
    "marge": {
      "options": null,
      "version": "6.2.0"
    }
  }
}