{
  "stats": {
    "suites": 5,
    "tests": 5,
    "passes": 4,
    "pending": 0,
    "failures": 1,
    "start": "2023-05-28T13:09:02.462Z",
    "end": "2023-05-28T13:11:11.816Z",
    "duration": 129354,
    "testsRegistered": 5,
    "passPercent": 80,
    "pendingPercent": 0,
    "other": 0,
    "hasOther": false,
    "skipped": 0,
    "hasSkipped": false
  },
  "results": [
    {
      "uuid": "5bf8e8bd-344d-4766-8f12-ad041bfd06fc",
      "title": "",
      "fullFile": "cypress\\e2e\\funcionalidad4\\funcionalidad4V4.spec.cy.js",
      "file": "cypress\\e2e\\funcionalidad4\\funcionalidad4V4.spec.cy.js",
      "beforeHooks": [],
      "afterHooks": [],
      "tests": [],
      "suites": [
        {
          "uuid": "5ad2d184-c90f-4d43-9057-8198c60850df",
          "title": "Con mi usuario de ghost quiero crear una página",
          "fullFile": "",
          "file": "",
          "beforeHooks": [],
          "afterHooks": [],
          "tests": [
            {
              "title": "Hacer click en la funcionalidad para crear pagina y llenar formulario",
              "fullTitle": "Con mi usuario de ghost quiero crear una página Hacer click en la funcionalidad para crear pagina y llenar formulario",
              "timedOut": null,
              "duration": 21870,
              "state": "passed",
              "speed": "slow",
              "pass": true,
              "fail": false,
              "pending": false,
              "context": null,
              "code": "const navPage = new _NavBarPage.default();\nconst newPagePage = new _NewPagePage.default();\nconst pagePage = new _pagePage.default();\nnavPage.getPageFunction().click();\nnavPage.getPageFunction().should(\"exist\");\ncy.screenshot(`func4/v-4/esc1/e1`, {\n  overwrite: true\n});\ncy.wait(1000);\npagePage.getNewPageButton().click();\ncy.screenshot(`func4/v-4/esc1/e2`, {\n  overwrite: true\n});\ncy.wait(1000);\nnewPagePage.getInputTitle().should(\"exist\");\nnewPagePage.getInputDescription().should(\"exist\");\ncy.screenshot(`func4/v-4/esc1/e3`, {\n  overwrite: true\n});\ncy.wait(1000);\nconst title = _faker.faker.name.jobTitle();\nnewPagePage.getInputTitle().type(title);\ncy.screenshot(`func4/v-4/esc1/e4`, {\n  overwrite: true\n});\ncy.wait(1000);\nnewPagePage.getInputDescription().type(_faker.faker.lorem.lines(1));\ncy.screenshot(`func4/v-4/esc1/e5`, {\n  overwrite: true\n});\ncy.wait(1000);\nnewPagePage.getPublishV4().click();\ncy.screenshot(`func4/v-4/esc1/e6`, {\n  overwrite: true\n});\ncy.wait(1000);\nnewPagePage.getSaveV4().click();\ncy.screenshot(`func4/v-4/esc1/e7`, {\n  overwrite: true\n});\ncy.wait(1000);\nnavPage.getPageFunction().click();\ncy.screenshot(`func4/v-4/esc1/e8`, {\n  overwrite: true\n});",
              "err": {},
              "uuid": "352c574e-ae91-474c-b4cb-075145a6b0e6",
              "parentUUID": "5ad2d184-c90f-4d43-9057-8198c60850df",
              "isHook": false,
              "skipped": false
            }
          ],
          "suites": [],
          "passes": [
            "352c574e-ae91-474c-b4cb-075145a6b0e6"
          ],
          "failures": [],
          "pending": [],
          "skipped": [],
          "duration": 21870,
          "root": false,
          "rootEmpty": false,
          "_timeout": 2000
        },
        {
          "uuid": "104b1487-6f52-4a37-b77b-c2b330ff2479",
          "title": "Con mi usuario de ghost quiero crear una página sin descripción",
          "fullFile": "",
          "file": "",
          "beforeHooks": [],
          "afterHooks": [],
          "tests": [
            {
              "title": "Hacer click en la funcionalidad para crear pagina y llenar formulario",
              "fullTitle": "Con mi usuario de ghost quiero crear una página sin descripción Hacer click en la funcionalidad para crear pagina y llenar formulario",
              "timedOut": null,
              "duration": 20837,
              "state": "failed",
              "speed": null,
              "pass": false,
              "fail": true,
              "pending": false,
              "context": null,
              "code": "const navPage = new _NavBarPage.default();\nconst newPagePage = new _NewPagePage.default();\nconst pagePage = new _pagePage.default();\nnavPage.getPageFunction().click();\nnavPage.getPageFunction().should(\"exist\");\ncy.screenshot(`func4/v-4/esc2/e1`, {\n  overwrite: true\n});\ncy.wait(1000);\npagePage.getNewPageButton().click();\ncy.screenshot(`func4/v-4/esc2/e2`, {\n  overwrite: true\n});\ncy.wait(1000);\nnewPagePage.getInputTitle().should(\"exist\");\ncy.screenshot(`func4/v-4/esc2/e3`, {\n  overwrite: true\n});\ncy.wait(1000);\nnewPagePage.getInputTitle().type(_faker.faker.name.jobTitle());\ncy.screenshot(`func4/v-4/esc2/e4`, {\n  overwrite: true\n});\ncy.wait(1000);\ncy.screenshot(`func4/v-4/esc2/e5`, {\n  overwrite: true\n});\nnewPagePage.getPublishV4().should(\"exist\");",
              "err": {
                "message": "AssertionError: Timed out retrying after 4000ms: Expected to find element: `div.gh-publishmenu.ember-view`, but never found it.",
                "estack": "AssertionError: Timed out retrying after 4000ms: Expected to find element: `div.gh-publishmenu.ember-view`, but never found it.\n    at Context.eval (webpack:///./cypress/e2e/funcionalidad4/funcionalidad4V4.spec.cy.js:83:39)",
                "diff": null
              },
              "uuid": "f0c810ea-b5a9-4d69-a1bd-c1867fca183d",
              "parentUUID": "104b1487-6f52-4a37-b77b-c2b330ff2479",
              "isHook": false,
              "skipped": false
            }
          ],
          "suites": [],
          "passes": [],
          "failures": [
            "f0c810ea-b5a9-4d69-a1bd-c1867fca183d"
          ],
          "pending": [],
          "skipped": [],
          "duration": 20837,
          "root": false,
          "rootEmpty": false,
          "_timeout": 2000
        },
        {
          "uuid": "072347c1-1014-4c18-ad14-1619113ec39d",
          "title": "Con mi usuario de ghost quiero crear una página sin título",
          "fullFile": "",
          "file": "",
          "beforeHooks": [],
          "afterHooks": [],
          "tests": [
            {
              "title": "Hacer click en la funcionalidad para crear pagina y llenar formulario",
              "fullTitle": "Con mi usuario de ghost quiero crear una página sin título Hacer click en la funcionalidad para crear pagina y llenar formulario",
              "timedOut": null,
              "duration": 20242,
              "state": "passed",
              "speed": "slow",
              "pass": true,
              "fail": false,
              "pending": false,
              "context": null,
              "code": "const navPage = new _NavBarPage.default();\nconst newPagePage = new _NewPagePage.default();\nconst pagePage = new _pagePage.default();\nnavPage.getPageFunction().click();\nnavPage.getPageFunction().should(\"exist\");\ncy.screenshot(`func4/v-4/esc3/e1`, {\n  overwrite: true\n});\ncy.wait(1000);\npagePage.getNewPageButton().click();\ncy.screenshot(`func4/v-4/esc3/e2`, {\n  overwrite: true\n});\ncy.wait(1000);\nnewPagePage.getInputDescription().should(\"exist\");\ncy.screenshot(`func4/v-4/esc3/e3`, {\n  overwrite: true\n});\ncy.wait(1000);\nnewPagePage.getInputDescription().type(_faker.faker.lorem.lines(1));\ncy.screenshot(`func4/v-4/esc3/e4`, {\n  overwrite: true\n});\ncy.wait(1000);\nnewPagePage.getPublishV4().click();\ncy.screenshot(`func4/v-4/esc3/e5`, {\n  overwrite: true\n});\ncy.wait(1000);\nnewPagePage.getSaveV4().click();\ncy.screenshot(`func4/v-4/esc3/e6`, {\n  overwrite: true\n});\ncy.wait(1000);\nnavPage.getPageFunction().click();\ncy.screenshot(`func4/v-4/esc3/e7`, {\n  overwrite: true\n});",
              "err": {},
              "uuid": "5852a881-d7fc-4e02-8e27-82199a3219af",
              "parentUUID": "072347c1-1014-4c18-ad14-1619113ec39d",
              "isHook": false,
              "skipped": false
            }
          ],
          "suites": [],
          "passes": [
            "5852a881-d7fc-4e02-8e27-82199a3219af"
          ],
          "failures": [],
          "pending": [],
          "skipped": [],
          "duration": 20242,
          "root": false,
          "rootEmpty": false,
          "_timeout": 2000
        },
        {
          "uuid": "eeee1a14-de4b-4bb2-9e89-c31128fdb3bc",
          "title": "Con mi usuario de ghost quiero crear un post y asignarla a un tag",
          "fullFile": "",
          "file": "",
          "beforeHooks": [],
          "afterHooks": [],
          "tests": [
            {
              "title": "Hacer click en la funcionalidad para crear pagina y llenar formulario",
              "fullTitle": "Con mi usuario de ghost quiero crear un post y asignarla a un tag Hacer click en la funcionalidad para crear pagina y llenar formulario",
              "timedOut": null,
              "duration": 28986,
              "state": "passed",
              "speed": "slow",
              "pass": true,
              "fail": false,
              "pending": false,
              "context": null,
              "code": "const navPage = new _NavBarPage.default();\nconst newPagePage = new _NewPagePage.default();\nconst pagePage = new _pagePage.default();\nnavPage.getPageFunction().click();\nnavPage.getPageFunction().should(\"exist\");\ncy.screenshot(`func4/v-4/esc4/e1`, {\n  overwrite: true\n});\ncy.wait(1000);\npagePage.getNewPageButton().click();\ncy.screenshot(`func4/v-4/esc4/e2`, {\n  overwrite: true\n});\ncy.wait(1000);\nnewPagePage.getInputDescription().should(\"exist\");\ncy.screenshot(`func4/v-4/esc4/e3`, {\n  overwrite: true\n});\ncy.wait(1000);\nnewPagePage.getInputTitle().type(_faker.faker.name.jobTitle());\ncy.screenshot(`func4/v-4/esc4/e4`, {\n  overwrite: true\n});\ncy.wait(1000);\nnewPagePage.getInputDescription().type(_faker.faker.lorem.lines(1));\ncy.screenshot(`func4/v-4/esc4/e5`, {\n  overwrite: true\n});\ncy.wait(1000);\nnewPagePage.getSettingsV4().click();\ncy.screenshot(`func4/v-4/esc4/e6`, {\n  overwrite: true\n});\ncy.wait(1000);\nnewPagePage.getTags().click();\ncy.screenshot(`func4/v-4/esc4/e7`, {\n  overwrite: true\n});\ncy.wait(1000);\nnewPagePage.getTag().then($inputs => {\n  var randomInput = $inputs.get(getRandomInt(0, $inputs.length));\n  if (!Cypress.dom.isHidden(randomInput)) {\n    cy.wrap(randomInput).click({\n      force: true\n    });\n  }\n});\ncy.screenshot(`func4/v-4/esc4/e8`, {\n  overwrite: true\n});\ncy.wait(1000);\nnewPagePage.getCloseV4().click();\ncy.screenshot(`func4/v-4/esc4/e9`, {\n  overwrite: true\n});\ncy.wait(1000);\nnewPagePage.getPublishV4().click();\ncy.screenshot(`func4/v-4/esc4/e10`, {\n  overwrite: true\n});\ncy.wait(1000);\nnewPagePage.getSaveV4().click();\ncy.screenshot(`func4/v-4/esc4/e11`, {\n  overwrite: true\n});\ncy.wait(1000);\nnavPage.getPageFunction().click();\ncy.screenshot(`func4/v-4/esc4/e12`, {\n  overwrite: true\n});",
              "err": {},
              "uuid": "e14097dc-d334-47c6-9683-271648b2c6c9",
              "parentUUID": "eeee1a14-de4b-4bb2-9e89-c31128fdb3bc",
              "isHook": false,
              "skipped": false
            }
          ],
          "suites": [],
          "passes": [
            "e14097dc-d334-47c6-9683-271648b2c6c9"
          ],
          "failures": [],
          "pending": [],
          "skipped": [],
          "duration": 28986,
          "root": false,
          "rootEmpty": false,
          "_timeout": 2000
        },
        {
          "uuid": "6170f985-3180-4768-b5e3-8c18a2b52273",
          "title": "Con mi usuario de ghost quiero crear una página y asignarla a un tag, usuario y extracto",
          "fullFile": "",
          "file": "",
          "beforeHooks": [],
          "afterHooks": [],
          "tests": [
            {
              "title": "Hacer click en la funcionalidad para crear pagina y llenar formulario",
              "fullTitle": "Con mi usuario de ghost quiero crear una página y asignarla a un tag, usuario y extracto Hacer click en la funcionalidad para crear pagina y llenar formulario",
              "timedOut": null,
              "duration": 33539,
              "state": "passed",
              "speed": "slow",
              "pass": true,
              "fail": false,
              "pending": false,
              "context": null,
              "code": "const navPage = new _NavBarPage.default();\nconst newPagePage = new _NewPagePage.default();\nconst pagePage = new _pagePage.default();\nnavPage.getPageFunction().click();\nnavPage.getPageFunction().should(\"exist\");\ncy.screenshot(`func4/v-4/esc5/e1`, {\n  overwrite: true\n});\ncy.wait(1000);\npagePage.getNewPageButton().click();\ncy.screenshot(`func4/v-4/esc5/e2`, {\n  overwrite: true\n});\ncy.wait(1000);\nnewPagePage.getInputDescription().should(\"exist\");\ncy.screenshot(`func4/v-4/esc5/e3`, {\n  overwrite: true\n});\ncy.wait(1000);\nnewPagePage.getInputTitle().type(_faker.faker.name.jobTitle());\ncy.screenshot(`func4/v-4/esc5/e4`, {\n  overwrite: true\n});\ncy.wait(1000);\nnewPagePage.getInputDescription().type(_faker.faker.lorem.lines(1));\ncy.screenshot(`func4/v-4/esc5/e5`, {\n  overwrite: true\n});\ncy.wait(1000);\nnewPagePage.getSettingsV4().click();\ncy.screenshot(`func4/v-4/esc5/e6`, {\n  overwrite: true\n});\ncy.wait(1000);\nnewPagePage.getTags().click();\ncy.screenshot(`func4/v-4/esc5/e7`, {\n  overwrite: true\n});\ncy.wait(1000);\nnewPagePage.getTag().then($inputs => {\n  var randomInput = $inputs.get(getRandomInt(0, $inputs.length));\n  if (!Cypress.dom.isHidden(randomInput)) {\n    cy.wrap(randomInput).click({\n      force: true\n    });\n  }\n});\ncy.screenshot(`func4/v-4/esc5/e8`, {\n  overwrite: true\n});\ncy.wait(1000);\nnewPagePage.getExcerpt().type(_faker.faker.lorem.lines(1));\ncy.screenshot(`func4/v-4/esc5/e9`, {\n  overwrite: true\n});\ncy.wait(1000);\nnewPagePage.getCloseV4().click();\ncy.screenshot(`func4/v-4/esc5/e10`, {\n  overwrite: true\n});\ncy.wait(1000);\nnewPagePage.getPublishV4().click();\ncy.screenshot(`func4/v-4/esc5/e11`, {\n  overwrite: true\n});\ncy.wait(1000);\nnewPagePage.getSaveV4().click();\ncy.screenshot(`func4/v-4/esc5/e12`, {\n  overwrite: true\n});\ncy.wait(1000);\nnavPage.getPageFunction().click();\ncy.screenshot(`func4/v-4/esc5/e13`, {\n  overwrite: true\n});",
              "err": {},
              "uuid": "1fe77a90-22d8-4ee9-97c4-21a0b358604b",
              "parentUUID": "6170f985-3180-4768-b5e3-8c18a2b52273",
              "isHook": false,
              "skipped": false
            }
          ],
          "suites": [],
          "passes": [
            "1fe77a90-22d8-4ee9-97c4-21a0b358604b"
          ],
          "failures": [],
          "pending": [],
          "skipped": [],
          "duration": 33539,
          "root": false,
          "rootEmpty": false,
          "_timeout": 2000
        }
      ],
      "passes": [],
      "failures": [],
      "pending": [],
      "skipped": [],
      "duration": 0,
      "root": true,
      "rootEmpty": true,
      "_timeout": 2000
    }
  ],
  "meta": {
    "mocha": {
      "version": "7.0.1"
    },
    "mochawesome": {
      "options": {
        "quiet": false,
        "reportFilename": "mochawesome",
        "saveHtml": true,
        "saveJson": true,
        "consoleReporter": "spec",
        "useInlineDiffs": false,
        "code": true
      },
      "version": "7.1.3"
    },
    "marge": {
      "options": null,
      "version": "6.2.0"
    }
  }
}