{
  "stats": {
    "suites": 4,
    "tests": 4,
    "passes": 0,
    "pending": 0,
    "failures": 4,
    "start": "2023-05-22T00:59:04.893Z",
    "end": "2023-05-22T00:59:55.489Z",
    "duration": 50596,
    "testsRegistered": 4,
    "passPercent": 0,
    "pendingPercent": 0,
    "other": 0,
    "hasOther": false,
    "skipped": 0,
    "hasSkipped": false
  },
  "results": [
    {
      "uuid": "c9cba6a6-c783-4de7-9329-172dd7c917ab",
      "title": "",
      "fullFile": "cypress\\e2e\\funcionalidad5\\funcionalidad5.spec.cy.js",
      "file": "cypress\\e2e\\funcionalidad5\\funcionalidad5.spec.cy.js",
      "beforeHooks": [],
      "afterHooks": [],
      "tests": [],
      "suites": [
        {
          "uuid": "259177d4-568d-490c-94fb-39428628beca",
          "title": "Con mi usuario de ghost quiero crear un post ",
          "fullFile": "",
          "file": "",
          "beforeHooks": [],
          "afterHooks": [],
          "tests": [
            {
              "title": "Hacer click en la funcionalidad para crear post y llenar formulario",
              "fullTitle": "Con mi usuario de ghost quiero crear un post  Hacer click en la funcionalidad para crear post y llenar formulario",
              "timedOut": null,
              "duration": 11793,
              "state": "failed",
              "speed": null,
              "pass": false,
              "fail": true,
              "pending": false,
              "context": null,
              "code": "const navPage = new _NavBarPage.default();\nconst newPostPage = new _NewPostPage.default();\nconst postPage = new _PostPage.default();\nnavPage.getPostFunction().click({\n  multiple: true\n});\nnavPage.getPostFunction().should(\"exist\");\ncy.screenshot(`func5/esc1/accion1`, {\n  overwrite: true\n});\ncy.wait(1000);\npostPage.getNewPostButton().click({\n  force: true\n});\ncy.screenshot(`func5/esc1/accion1`, {\n  overwrite: true\n});\ncy.wait(1000);\nnewPostPage.getTitleName().should(\"exist\");\nnewPostPage.getInputDescription().should(\"exist\");\ncy.screenshot(`func5/esc1/accion1`, {\n  overwrite: true\n});\ncy.wait(1000);\nnewPostPage.getTitleName().type(_faker.faker.name.jobTitle());\ncy.screenshot(`func5/esc1/accion1`, {\n  overwrite: true\n});\ncy.wait(1000);\nnewPostPage.getInputDescription().type(_faker.faker.lorem.lines(1));\ncy.screenshot(`func5/esc1/accion1`, {\n  overwrite: true\n});\ncy.wait(1000);\nnewPostPage.getPublish().click();\ncy.screenshot(`func5/esc1/accion1`, {\n  overwrite: true\n});\ncy.wait(1000);\nnewPostPage.getSaveButton().click();\ncy.screenshot(`func5/esc1/accion1`, {\n  overwrite: true\n});\ncy.wait(1000);\nnavPage.getPostFunction().click({\n  multiple: true\n});\ncy.screenshot(`func5/esc1/accion1`, {\n  overwrite: true\n});",
              "err": {
                "message": "AssertionError: Timed out retrying after 4000ms: expected 'http://localhost:3001/ghost/#/signin' to equal 'http://localhost:3001/ghost/#/site'\n\nBecause this error occurred during a `before each` hook we are skipping the remaining tests in the current suite: `Con mi usuario de ghost qui...`",
                "estack": "AssertionError: Timed out retrying after 4000ms: expected 'http://localhost:3001/ghost/#/signin' to equal 'http://localhost:3001/ghost/#/site'\n\nBecause this error occurred during a `before each` hook we are skipping the remaining tests in the current suite: `Con mi usuario de ghost qui...`\n    at Context.eval (webpack:///./cypress/support/commands.js:70:13)",
                "diff": "- '\\'http://localhost:3001/ghost/#/signin\\''\n+ '\\'http://localhost:3001/ghost/#/site\\''\n"
              },
              "uuid": "9e44dda7-30ca-4cdd-a1ef-8e212c688f7b",
              "parentUUID": "259177d4-568d-490c-94fb-39428628beca",
              "isHook": false,
              "skipped": false
            }
          ],
          "suites": [],
          "passes": [],
          "failures": [
            "9e44dda7-30ca-4cdd-a1ef-8e212c688f7b"
          ],
          "pending": [],
          "skipped": [],
          "duration": 11793,
          "root": false,
          "rootEmpty": false,
          "_timeout": 2000
        },
        {
          "uuid": "ce57ed33-2c83-4613-9a60-d394609a9937",
          "title": "Con mi usuario de ghost quiero crear un post sin descripción",
          "fullFile": "",
          "file": "",
          "beforeHooks": [],
          "afterHooks": [],
          "tests": [
            {
              "title": "Hacer click en la funcionalidad para crear post y llenar formulario",
              "fullTitle": "Con mi usuario de ghost quiero crear un post sin descripción Hacer click en la funcionalidad para crear post y llenar formulario",
              "timedOut": null,
              "duration": 11482,
              "state": "failed",
              "speed": null,
              "pass": false,
              "fail": true,
              "pending": false,
              "context": null,
              "code": "const navPage = new _NavBarPage.default();\nconst newPostPage = new _NewPostPage.default();\nconst postPage = new _PostPage.default();\nnavPage.getPostFunction().click({\n  multiple: true\n});\nnavPage.getPostFunction().should(\"exist\");\ncy.screenshot(`func5/esc2/accion1`, {\n  overwrite: true\n});\ncy.wait(1000);\npostPage.getNewPostButton().click({\n  multiple: true\n});\ncy.screenshot(`func5/esc2/accion2`, {\n  overwrite: true\n});\ncy.wait(1000);\nnewPostPage.getTitleName().should(\"exist\");\ncy.screenshot(`func5/esc2/accion3`, {\n  overwrite: true\n});\ncy.wait(1000);\nnewPostPage.getTitleName().type(_faker.faker.name.jobTitle());\ncy.screenshot(`func5/esc2/accion4`, {\n  overwrite: true\n});\ncy.wait(1000);\nnewPostPage.getPublish().should(\"exist\");\ncy.screenshot(`func5/esc2/accion5`, {\n  overwrite: true\n});\ncy.wait(1000);\nnewPostPage.getSaveButton().click({\n  force: true\n});\ncy.screenshot(`func5/esc2/accion6`, {\n  overwrite: true\n});\ncy.wait(1000);\nnewPostPage.getPublish().click({\n  force: true\n});\ncy.screenshot(`func5/esc2/accion7`, {\n  overwrite: true\n});\ncy.wait(1000);\nnavPage.getPageFunction().click();\ncy.screenshot(`func5/esc2/accion8`, {\n  overwrite: true\n});",
              "err": {
                "message": "AssertionError: Timed out retrying after 4000ms: expected 'http://localhost:3001/ghost/#/signin' to equal 'http://localhost:3001/ghost/#/site'\n\nBecause this error occurred during a `before each` hook we are skipping the remaining tests in the current suite: `Con mi usuario de ghost qui...`",
                "estack": "AssertionError: Timed out retrying after 4000ms: expected 'http://localhost:3001/ghost/#/signin' to equal 'http://localhost:3001/ghost/#/site'\n\nBecause this error occurred during a `before each` hook we are skipping the remaining tests in the current suite: `Con mi usuario de ghost qui...`\n    at Context.eval (webpack:///./cypress/support/commands.js:70:13)",
                "diff": "- '\\'http://localhost:3001/ghost/#/signin\\''\n+ '\\'http://localhost:3001/ghost/#/site\\''\n"
              },
              "uuid": "6cb74235-a0f1-4ad9-b87a-261a502d744c",
              "parentUUID": "ce57ed33-2c83-4613-9a60-d394609a9937",
              "isHook": false,
              "skipped": false
            }
          ],
          "suites": [],
          "passes": [],
          "failures": [
            "6cb74235-a0f1-4ad9-b87a-261a502d744c"
          ],
          "pending": [],
          "skipped": [],
          "duration": 11482,
          "root": false,
          "rootEmpty": false,
          "_timeout": 2000
        },
        {
          "uuid": "7e7931ca-29a9-4db7-b6fe-8f2ffe624ea1",
          "title": "Con mi usuario de ghost quiero crear un post sin título",
          "fullFile": "",
          "file": "",
          "beforeHooks": [],
          "afterHooks": [],
          "tests": [
            {
              "title": "Hacer click en la funcionalidad para crear post y llenar formulario",
              "fullTitle": "Con mi usuario de ghost quiero crear un post sin título Hacer click en la funcionalidad para crear post y llenar formulario",
              "timedOut": null,
              "duration": 11956,
              "state": "failed",
              "speed": null,
              "pass": false,
              "fail": true,
              "pending": false,
              "context": null,
              "code": "const navPage = new _NavBarPage.default();\nconst newPostPage = new _NewPostPage.default();\nconst postPage = new _PostPage.default();\nnavPage.getPostFunction().click({\n  multiple: true\n});\nnavPage.getPostFunction().should(\"exist\");\ncy.screenshot(`func5/esc3/accion1`, {\n  overwrite: true\n});\ncy.wait(1000);\npostPage.getNewPostButton().click({\n  multiple: true\n});\ncy.screenshot(`func5/esc3/accion2`, {\n  overwrite: true\n});\ncy.wait(1000);\nnewPostPage.getInputDescription().should(\"exist\");\ncy.screenshot(`func5/esc3/accion3`, {\n  overwrite: true\n});\ncy.wait(1000);\nnewPostPage.getInputDescription().type(_faker.faker.lorem.lines(1));\ncy.screenshot(`func5/esc3/accion4`, {\n  overwrite: true\n});\ncy.wait(1000);\nnewPostPage.getPublish().click();\ncy.screenshot(`func5/esc3/accion5`, {\n  overwrite: true\n});\ncy.wait(1000);\nnewPostPage.getSaveButton().click();\ncy.screenshot(`func5/esc3/accion6`, {\n  overwrite: true\n});\ncy.wait(1000);\nnavPage.getPostFunction().click({\n  multiple: true\n});\ncy.screenshot(`func5/esc3/accion7`, {\n  overwrite: true\n});",
              "err": {
                "message": "AssertionError: Timed out retrying after 4000ms: expected 'http://localhost:3001/ghost/#/signin' to equal 'http://localhost:3001/ghost/#/site'\n\nBecause this error occurred during a `before each` hook we are skipping the remaining tests in the current suite: `Con mi usuario de ghost qui...`",
                "estack": "AssertionError: Timed out retrying after 4000ms: expected 'http://localhost:3001/ghost/#/signin' to equal 'http://localhost:3001/ghost/#/site'\n\nBecause this error occurred during a `before each` hook we are skipping the remaining tests in the current suite: `Con mi usuario de ghost qui...`\n    at Context.eval (webpack:///./cypress/support/commands.js:70:13)",
                "diff": "- '\\'http://localhost:3001/ghost/#/signin\\''\n+ '\\'http://localhost:3001/ghost/#/site\\''\n"
              },
              "uuid": "033bf5d4-c0f0-4036-b7ec-acfacbb9e20e",
              "parentUUID": "7e7931ca-29a9-4db7-b6fe-8f2ffe624ea1",
              "isHook": false,
              "skipped": false
            }
          ],
          "suites": [],
          "passes": [],
          "failures": [
            "033bf5d4-c0f0-4036-b7ec-acfacbb9e20e"
          ],
          "pending": [],
          "skipped": [],
          "duration": 11956,
          "root": false,
          "rootEmpty": false,
          "_timeout": 2000
        },
        {
          "uuid": "f936bacf-61ee-4df2-83f4-66a9251dd42d",
          "title": "Con mi usuario de ghost quiero crear un post y asignarlo a un tag",
          "fullFile": "",
          "file": "",
          "beforeHooks": [],
          "afterHooks": [],
          "tests": [
            {
              "title": "Hacer click en la funcionalidad para crear pagina y llenar formulario",
              "fullTitle": "Con mi usuario de ghost quiero crear un post y asignarlo a un tag Hacer click en la funcionalidad para crear pagina y llenar formulario",
              "timedOut": null,
              "duration": 11458,
              "state": "failed",
              "speed": null,
              "pass": false,
              "fail": true,
              "pending": false,
              "context": null,
              "code": "const navPage = new _NavBarPage.default();\nconst newPostPage = new _NewPostPage.default();\nconst postPage = new _PostPage.default();\nnavPage.getPostFunction().click({\n  multiple: true\n});\nnavPage.getPostFunction().should(\"exist\");\ncy.screenshot(`func5/esc4/accion1`, {\n  overwrite: true\n});\ncy.wait(1000);\npostPage.getNewPostButton().click({\n  multiple: true\n});\ncy.screenshot(`func5/esc4/accion2`, {\n  overwrite: true\n});\ncy.wait(1000);\nnewPostPage.getTitleName().should(\"exist\");\nnewPostPage.getInputDescription().should(\"exist\");\ncy.screenshot(`func5/esc4/accion3`, {\n  overwrite: true\n});\ncy.wait(1000);\nnewPostPage.getTitleName().type(_faker.faker.name.jobTitle());\ncy.screenshot(`func5/esc4/accion4`, {\n  overwrite: true\n});\ncy.wait(1000);\nnewPostPage.getInputDescription().type(_faker.faker.lorem.lines(1));\ncy.screenshot(`func5/esc4/accion5`, {\n  overwrite: true\n});\ncy.wait(1000);\nnewPostPage.getSettings().click();\ncy.screenshot(`func5/esc4/accion6`, {\n  overwrite: true\n});\ncy.wait(1000);\nnewPostPage.getTags().click({\n  multiple: true\n});\ncy.screenshot(`func5/esc4/accion7`, {\n  overwrite: true\n});\ncy.wait(1000);\nnewPostPage.getTag().then($inputs => {\n  var randomInput = $inputs.get(getRandomInt(0, $inputs.length));\n  if (!Cypress.dom.isHidden(randomInput)) {\n    cy.wrap(randomInput).click({\n      force: true\n    });\n  }\n});\ncy.screenshot(`func5/esc4/accion8`, {\n  overwrite: true\n});\ncy.wait(1000);\nnewPostPage.getClose().click();\ncy.screenshot(`func5/esc4/accion9`, {\n  overwrite: true\n});\ncy.wait(1000);\nnewPostPage.getPublish().click();\ncy.screenshot(`func5/esc4/accion10`, {\n  overwrite: true\n});\ncy.wait(1000);\nnewPostPage.getSaveButton().click();\ncy.screenshot(`func5/esc4/accion11`, {\n  overwrite: true\n});\ncy.wait(1000);\nnavPage.getPostFunction().click({\n  multiple: true\n});\ncy.screenshot(`func5/esc4/accion12`, {\n  overwrite: true\n});",
              "err": {
                "message": "AssertionError: Timed out retrying after 4000ms: expected 'http://localhost:3001/ghost/#/signin' to equal 'http://localhost:3001/ghost/#/site'\n\nBecause this error occurred during a `before each` hook we are skipping the remaining tests in the current suite: `Con mi usuario de ghost qui...`",
                "estack": "AssertionError: Timed out retrying after 4000ms: expected 'http://localhost:3001/ghost/#/signin' to equal 'http://localhost:3001/ghost/#/site'\n\nBecause this error occurred during a `before each` hook we are skipping the remaining tests in the current suite: `Con mi usuario de ghost qui...`\n    at Context.eval (webpack:///./cypress/support/commands.js:70:13)",
                "diff": "- '\\'http://localhost:3001/ghost/#/signin\\''\n+ '\\'http://localhost:3001/ghost/#/site\\''\n"
              },
              "uuid": "379ca4f0-1db3-420f-96e8-58668d9706a2",
              "parentUUID": "f936bacf-61ee-4df2-83f4-66a9251dd42d",
              "isHook": false,
              "skipped": false
            }
          ],
          "suites": [],
          "passes": [],
          "failures": [
            "379ca4f0-1db3-420f-96e8-58668d9706a2"
          ],
          "pending": [],
          "skipped": [],
          "duration": 11458,
          "root": false,
          "rootEmpty": false,
          "_timeout": 2000
        }
      ],
      "passes": [],
      "failures": [],
      "pending": [],
      "skipped": [],
      "duration": 0,
      "root": true,
      "rootEmpty": true,
      "_timeout": 2000
    }
  ],
  "meta": {
    "mocha": {
      "version": "7.0.1"
    },
    "mochawesome": {
      "options": {
        "quiet": false,
        "reportFilename": "mochawesome",
        "saveHtml": true,
        "saveJson": true,
        "consoleReporter": "spec",
        "useInlineDiffs": false,
        "code": true
      },
      "version": "7.1.3"
    },
    "marge": {
      "options": null,
      "version": "6.2.0"
    }
  }
}