{
  "stats": {
    "suites": 4,
    "tests": 4,
    "passes": 0,
    "pending": 0,
    "failures": 4,
    "start": "2023-05-14T23:20:30.558Z",
    "end": "2023-05-14T23:21:55.834Z",
    "duration": 85276,
    "testsRegistered": 4,
    "passPercent": 0,
    "pendingPercent": 0,
    "other": 0,
    "hasOther": false,
    "skipped": 0,
    "hasSkipped": false
  },
  "results": [
    {
      "uuid": "1a3e6970-9ef2-4b95-b07c-8e96c07ca8a3",
      "title": "",
      "fullFile": "cypress\\e2e\\funcionalidad5\\funcionalidad5.spec.cy.js",
      "file": "cypress\\e2e\\funcionalidad5\\funcionalidad5.spec.cy.js",
      "beforeHooks": [],
      "afterHooks": [],
      "tests": [],
      "suites": [
        {
          "uuid": "5ed070c3-bdf0-4e92-bbcb-ca4a9a3de3ae",
          "title": "Con mi usuario de ghost quiero crear un post",
          "fullFile": "",
          "file": "",
          "beforeHooks": [],
          "afterHooks": [],
          "tests": [
            {
              "title": "Hacer click en la funcionalidad para crear post y llenar formulario",
              "fullTitle": "Con mi usuario de ghost quiero crear un post Hacer click en la funcionalidad para crear post y llenar formulario",
              "timedOut": null,
              "duration": 26498,
              "state": "failed",
              "speed": null,
              "pass": false,
              "fail": true,
              "pending": false,
              "context": null,
              "code": "const navPage = new _NavBarPage.default();\nconst newPostPage = new _NewPostPage.default();\nconst postPage = new _PostPage.default();\nnavPage.getPostFunction().click({\n  multiple: true\n});\nnavPage.getPostFunction().should(\"exist\");\ncy.screenshot(`func5/esc1/accion1`, {\n  overwrite: true\n});\ncy.wait(1000);\npostPage.getNewPostButton().click({\n  force: true\n});\ncy.screenshot(`func5/esc1/accion1`, {\n  overwrite: true\n});\ncy.wait(1000);\nnewPostPage.getTitleName().should(\"exist\");\nnewPostPage.getInputDescription().should(\"exist\");\ncy.screenshot(`func5/esc1/accion1`, {\n  overwrite: true\n});\ncy.wait(1000);\nnewPostPage.getTitleName().type(_faker.faker.name.jobTitle());\ncy.screenshot(`func5/esc1/accion1`, {\n  overwrite: true\n});\ncy.wait(1000);\nnewPostPage.getInputDescription().type(_faker.faker.lorem.lines(1));\ncy.screenshot(`func5/esc1/accion1`, {\n  overwrite: true\n});\ncy.wait(1000);\nnewPostPage.getPublish().click();\ncy.screenshot(`func5/esc1/accion1`, {\n  overwrite: true\n});\ncy.wait(1000);\nnewPostPage.getSaveButton().click();\ncy.screenshot(`func5/esc1/accion1`, {\n  overwrite: true\n});\ncy.wait(1000);\nnavPage.getPostFunction().click({\n  multiple: true\n});\ncy.screenshot(`func5/esc1/accion1`, {\n  overwrite: true\n});",
              "err": {
                "message": "AssertionError: Timed out retrying after 4000ms: Expected to find element: `li a[href='#/posts/']`, but never found it.",
                "estack": "AssertionError: Timed out retrying after 4000ms: Expected to find element: `li a[href='#/posts/']`, but never found it.\n    at NavBarPage.getPostFunction (webpack:///./cypress/pages/NavBarPage.js:4:18)\n    at Context.eval (webpack:///./cypress/e2e/funcionalidad5/funcionalidad5.spec.cy.js:45:20)",
                "diff": null
              },
              "uuid": "faced74d-1234-41f3-9d26-d51628589520",
              "parentUUID": "5ed070c3-bdf0-4e92-bbcb-ca4a9a3de3ae",
              "isHook": false,
              "skipped": false
            }
          ],
          "suites": [],
          "passes": [],
          "failures": [
            "faced74d-1234-41f3-9d26-d51628589520"
          ],
          "pending": [],
          "skipped": [],
          "duration": 26498,
          "root": false,
          "rootEmpty": false,
          "_timeout": 2000
        },
        {
          "uuid": "2bdcbbe0-5332-40b9-931b-a65c2cc4b4ea",
          "title": "Con mi usuario de ghost quiero crear un post sin descripción",
          "fullFile": "",
          "file": "",
          "beforeHooks": [],
          "afterHooks": [],
          "tests": [
            {
              "title": "Hacer click en la funcionalidad para crear post y llenar formulario",
              "fullTitle": "Con mi usuario de ghost quiero crear un post sin descripción Hacer click en la funcionalidad para crear post y llenar formulario",
              "timedOut": null,
              "duration": 20828,
              "state": "failed",
              "speed": null,
              "pass": false,
              "fail": true,
              "pending": false,
              "context": null,
              "code": "const navPage = new _NavBarPage.default();\nconst newPostPage = new _NewPostPage.default();\nconst postPage = new _PostPage.default();\nnavPage.getPostFunction().click({\n  multiple: true\n});\nnavPage.getPostFunction().should(\"exist\");\ncy.screenshot(`func5/esc2/accion1`, {\n  overwrite: true\n});\ncy.wait(1000);\npostPage.getNewPostButton().click({\n  multiple: true\n});\ncy.screenshot(`func5/esc2/accion2`, {\n  overwrite: true\n});\ncy.wait(1000);\nnewPostPage.getTitleName().should(\"exist\");\ncy.screenshot(`func5/esc2/accion3`, {\n  overwrite: true\n});\ncy.wait(1000);\nnewPostPage.getTitleName().type(_faker.faker.name.jobTitle());\ncy.screenshot(`func5/esc2/accion4`, {\n  overwrite: true\n});\ncy.wait(1000);\nnewPostPage.getPublish().click();\ncy.screenshot(`func5/esc2/accion5`, {\n  overwrite: true\n});\ncy.wait(1000);\nnewPostPage.getSaveButton().click();\ncy.screenshot(`func5/esc2/accion6`, {\n  overwrite: true\n});\ncy.wait(1000);\nnavPage.getPostFunction().click({\n  multiple: true\n});\ncy.screenshot(`func5/esc2/accion7`, {\n  overwrite: true\n});",
              "err": {
                "message": "AssertionError: Timed out retrying after 4000ms: Expected to find element: `div.ember-view.ember-basic-dropdown-trigger.gh-btn.gh-btn-outline.gh-publishmenu-trigger`, but never found it.",
                "estack": "AssertionError: Timed out retrying after 4000ms: Expected to find element: `div.ember-view.ember-basic-dropdown-trigger.gh-btn.gh-btn-outline.gh-publishmenu-trigger`, but never found it.\n    at NewPostPage.getPublish (webpack:///./cypress/pages/NewPostPage.js:7:18)\n    at Context.eval (webpack:///./cypress/e2e/funcionalidad5/funcionalidad5.spec.cy.js:79:20)",
                "diff": null
              },
              "uuid": "5647b026-2a1f-48fe-915d-83bebaf5e48f",
              "parentUUID": "2bdcbbe0-5332-40b9-931b-a65c2cc4b4ea",
              "isHook": false,
              "skipped": false
            }
          ],
          "suites": [],
          "passes": [],
          "failures": [
            "5647b026-2a1f-48fe-915d-83bebaf5e48f"
          ],
          "pending": [],
          "skipped": [],
          "duration": 20828,
          "root": false,
          "rootEmpty": false,
          "_timeout": 2000
        },
        {
          "uuid": "554638db-f27e-4042-84bf-23bfa55ffa0b",
          "title": "Con mi usuario de ghost quiero crear un post sin título",
          "fullFile": "",
          "file": "",
          "beforeHooks": [],
          "afterHooks": [],
          "tests": [
            {
              "title": "Hacer click en la funcionalidad para crear post y llenar formulario",
              "fullTitle": "Con mi usuario de ghost quiero crear un post sin título Hacer click en la funcionalidad para crear post y llenar formulario",
              "timedOut": null,
              "duration": 24820,
              "state": "failed",
              "speed": null,
              "pass": false,
              "fail": true,
              "pending": false,
              "context": null,
              "code": "const navPage = new _NavBarPage.default();\nconst newPostPage = new _NewPostPage.default();\nconst postPage = new _PostPage.default();\nnavPage.getPostFunction().click({\n  multiple: true\n});\nnavPage.getPostFunction().should(\"exist\");\ncy.screenshot(`func5/esc3/accion1`, {\n  overwrite: true\n});\ncy.wait(1000);\npostPage.getNewPostButton().click({\n  multiple: true\n});\ncy.screenshot(`func5/esc3/accion2`, {\n  overwrite: true\n});\ncy.wait(1000);\nnewPostPage.getInputDescription().should(\"exist\");\ncy.screenshot(`func5/esc3/accion3`, {\n  overwrite: true\n});\ncy.wait(1000);\nnewPostPage.getInputDescription().type(_faker.faker.lorem.lines(1));\ncy.screenshot(`func5/esc3/accion4`, {\n  overwrite: true\n});\ncy.wait(1000);\nnewPostPage.getPublish().click();\ncy.screenshot(`func5/esc3/accion5`, {\n  overwrite: true\n});\ncy.wait(1000);\nnewPostPage.getSaveButton().click();\ncy.screenshot(`func5/esc3/accion6`, {\n  overwrite: true\n});\ncy.wait(1000);\nnavPage.getPostFunction().click({\n  multiple: true\n});\ncy.screenshot(`func5/esc3/accion7`, {\n  overwrite: true\n});",
              "err": {
                "message": "AssertionError: Timed out retrying after 4000ms: Expected to find element: `li a[href='#/posts/']`, but never found it.",
                "estack": "AssertionError: Timed out retrying after 4000ms: Expected to find element: `li a[href='#/posts/']`, but never found it.\n    at NavBarPage.getPostFunction (webpack:///./cypress/pages/NavBarPage.js:4:18)\n    at Context.eval (webpack:///./cypress/e2e/funcionalidad5/funcionalidad5.spec.cy.js:124:16)",
                "diff": null
              },
              "uuid": "dd09f228-4793-4be1-bf6a-290fcaa21d64",
              "parentUUID": "554638db-f27e-4042-84bf-23bfa55ffa0b",
              "isHook": false,
              "skipped": false
            }
          ],
          "suites": [],
          "passes": [],
          "failures": [
            "dd09f228-4793-4be1-bf6a-290fcaa21d64"
          ],
          "pending": [],
          "skipped": [],
          "duration": 24820,
          "root": false,
          "rootEmpty": false,
          "_timeout": 2000
        },
        {
          "uuid": "8c62e8f9-e051-4c5f-9cbd-cebe37464dba",
          "title": "Con mi usuario de ghost quiero crear un post y asignarlo a un tag",
          "fullFile": "",
          "file": "",
          "beforeHooks": [],
          "afterHooks": [],
          "tests": [
            {
              "title": "Hacer click en la funcionalidad para crear pagina y llenar formulario",
              "fullTitle": "Con mi usuario de ghost quiero crear un post y asignarlo a un tag Hacer click en la funcionalidad para crear pagina y llenar formulario",
              "timedOut": null,
              "duration": 9608,
              "state": "failed",
              "speed": null,
              "pass": false,
              "fail": true,
              "pending": false,
              "context": null,
              "code": "const navPage = new _NavBarPage.default();\nconst newPostPage = new _NewPostPage.default();\nconst postPage = new _PostPage.default();\nnavPage.getPostFunction().click({\n  multiple: true\n});\nnavPage.getPostFunction().should(\"exist\");\ncy.screenshot(`func5/esc4/accion1`, {\n  overwrite: true\n});\ncy.wait(1000);\npostPage.getNewPostButton().click({\n  multiple: true\n});\ncy.screenshot(`func5/esc4/accion2`, {\n  overwrite: true\n});\ncy.wait(1000);\npostPage.getTitleName().should(\"exist\");\npostPage.getInputDescription().should(\"exist\");\ncy.screenshot(`func5/esc4/accion3`, {\n  overwrite: true\n});\ncy.wait(1000);\nnewPostPage.getTitleName().type(_faker.faker.name.jobTitle());\ncy.screenshot(`func5/esc4/accion4`, {\n  overwrite: true\n});\ncy.wait(1000);\nnewPostPage.getInputDescription().type(_faker.faker.lorem.lines(1));\ncy.screenshot(`func5/esc4/accion5`, {\n  overwrite: true\n});\ncy.wait(1000);\nnewPostPage.getSettings().click();\ncy.screenshot(`func5/esc4/accion6`, {\n  overwrite: true\n});\ncy.wait(1000);\nnewPostPage.getTags().click();\ncy.screenshot(`func5/esc4/accion7`, {\n  overwrite: true\n});\ncy.wait(1000);\nnewPostPage.getTag().click();\ncy.screenshot(`func5/esc4/accion8`, {\n  overwrite: true\n});\ncy.wait(1000);\nnewPostPage.getClose().click();\ncy.screenshot(`func5/esc4/accion9`, {\n  overwrite: true\n});\ncy.wait(1000);\nnewPostPage.getPublish().click();\ncy.screenshot(`func5/esc4/accion10`, {\n  overwrite: true\n});\ncy.wait(1000);\nnewPostPage.getSaveButton().click();\ncy.screenshot(`func5/esc4/accion11`, {\n  overwrite: true\n});\ncy.wait(1000);\nnavPage.getPostFunction().click({\n  multiple: true\n});\ncy.screenshot(`func5/esc4/accion12`, {\n  overwrite: true\n});",
              "err": {
                "message": "TypeError: postPage.getTitleName is not a function",
                "estack": "TypeError: postPage.getTitleName is not a function\n    at Context.eval (webpack:///./cypress/e2e/funcionalidad5/funcionalidad5.spec.cy.js:151:17)",
                "diff": null
              },
              "uuid": "4bebecf2-5efe-4f12-971e-46987ddb5fd0",
              "parentUUID": "8c62e8f9-e051-4c5f-9cbd-cebe37464dba",
              "isHook": false,
              "skipped": false
            }
          ],
          "suites": [],
          "passes": [],
          "failures": [
            "4bebecf2-5efe-4f12-971e-46987ddb5fd0"
          ],
          "pending": [],
          "skipped": [],
          "duration": 9608,
          "root": false,
          "rootEmpty": false,
          "_timeout": 2000
        }
      ],
      "passes": [],
      "failures": [],
      "pending": [],
      "skipped": [],
      "duration": 0,
      "root": true,
      "rootEmpty": true,
      "_timeout": 2000
    }
  ],
  "meta": {
    "mocha": {
      "version": "7.0.1"
    },
    "mochawesome": {
      "options": {
        "quiet": false,
        "reportFilename": "mochawesome",
        "saveHtml": true,
        "saveJson": true,
        "consoleReporter": "spec",
        "useInlineDiffs": false,
        "code": true
      },
      "version": "7.1.3"
    },
    "marge": {
      "options": null,
      "version": "6.2.0"
    }
  }
}